<?xml version="1.0" encoding="UTF-8"?>
<!-- Generated by org.testng.reporters.JUnitReportReporter -->
<testsuite skipped="0" hostname="DESKTOP-B5IK5QJ" name="com.training.regression.tests.ModifyProfileTest" tests="1" failures="0" timestamp="22 Dec 2018 14:01:42 GMT" time="40.069" errors="0">
  <testcase name="validLoginTest" time="40.069" classname="com.training.regression.tests.ModifyProfileTest"/>
</testsuite> <!-- com.training.regression.tests.ModifyProfileTest -->
