<?xml version="1.0" encoding="UTF-8"?>
<!-- Generated by org.testng.reporters.JUnitReportReporter -->
<testsuite skipped="0" hostname="DESKTOP-B5IK5QJ" name="com.training.sanity.tests.LoginTests" tests="1" failures="0" timestamp="19 Dec 2018 05:55:53 GMT" time="34.669" errors="0">
  <testcase name="validLoginTest" time="34.669" classname="com.training.sanity.tests.LoginTests"/>
</testsuite> <!-- com.training.sanity.tests.LoginTests -->
