<?xml version="1.0" encoding="UTF-8"?>
<!-- Generated by org.testng.reporters.JUnitReportReporter -->
<testsuite skipped="0" hostname="DESKTOP-B5IK5QJ" name="com.training.regression.tests.RegisterTest" tests="1" failures="0" timestamp="19 Dec 2018 11:53:36 GMT" time="74.800" errors="0">
  <testcase name="validLoginTest" time="74.800" classname="com.training.regression.tests.RegisterTest"/>
</testsuite> <!-- com.training.regression.tests.RegisterTest -->
