<?xml version="1.0" encoding="UTF-8"?>
<!-- Generated by org.testng.reporters.JUnitReportReporter -->
<testsuite skipped="0" hostname="DESKTOP-B5IK5QJ" name="com.training.regression.tests.ViewLoanTest" tests="1" failures="0" timestamp="04 Jan 2019 07:35:17 GMT" time="42.668" errors="0">
  <testcase name="validLoginTest" time="42.668" classname="com.training.regression.tests.ViewLoanTest"/>
</testsuite> <!-- com.training.regression.tests.ViewLoanTest -->
