<?xml version="1.0" encoding="UTF-8"?>
<!-- Generated by org.testng.reporters.JUnitReportReporter -->
<testsuite skipped="0" hostname="DESKTOP-B5IK5QJ" name="com.training.regression.tests.ViewPaymentTest" tests="1" failures="0" timestamp="04 Jan 2019 07:02:13 GMT" time="36.673" errors="0">
  <testcase name="validLoginTest" time="36.673" classname="com.training.regression.tests.ViewPaymentTest"/>
</testsuite> <!-- com.training.regression.tests.ViewPaymentTest -->
