<?xml version="1.0" encoding="UTF-8"?>
<!-- Generated by org.testng.reporters.JUnitReportReporter -->
<testsuite skipped="0" hostname="DESKTOP-B5IK5QJ" name="com.training.regression.tests.CheckMemTest" tests="1" failures="0" timestamp="22 Dec 2018 13:14:30 GMT" time="9.399" errors="0">
  <testcase name="validLoginTest" time="9.399" classname="com.training.regression.tests.CheckMemTest"/>
</testsuite> <!-- com.training.regression.tests.CheckMemTest -->
