<?xml version="1.0" encoding="UTF-8"?>
<!-- Generated by org.testng.reporters.JUnitReportReporter -->
<testsuite skipped="0" hostname="DESKTOP-B5IK5QJ" name="com.training.regression.tests.SysPayTest" tests="1" failures="0" timestamp="04 Jan 2019 10:03:04 GMT" time="30.723" errors="0">
  <testcase name="validLoginTest" time="30.723" classname="com.training.regression.tests.SysPayTest"/>
</testsuite> <!-- com.training.regression.tests.SysPayTest -->
