<?xml version="1.0" encoding="UTF-8"?>
<!-- Generated by org.testng.reporters.JUnitReportReporter -->
<testsuite skipped="0" hostname="DESKTOP-B5IK5QJ" name="com.training.regression.tests.ModifyProfileTest" tests="1" failures="0" timestamp="24 Dec 2018 06:56:47 GMT" time="10.120" errors="0">
  <testcase name="validLoginTest" time="10.120" classname="com.training.regression.tests.ModifyProfileTest"/>
</testsuite> <!-- com.training.regression.tests.ModifyProfileTest -->
