<?xml version="1.0" encoding="UTF-8"?>
<!-- Generated by org.testng.reporters.JUnitReportReporter -->
<testsuite skipped="0" hostname="DESKTOP-B5IK5QJ" name="com.training.sanity.tests.LoginTests" tests="1" failures="0" timestamp="24 Dec 2018 06:39:02 GMT" time="14.568" errors="0">
  <testcase name="validLoginTest" time="14.568" classname="com.training.sanity.tests.LoginTests"/>
</testsuite> <!-- com.training.sanity.tests.LoginTests -->
