<?xml version="1.0" encoding="UTF-8"?>
<!-- Generated by org.testng.reporters.JUnitReportReporter -->
<testsuite skipped="0" hostname="DESKTOP-B5IK5QJ" name="com.training.regression.tests.AddMemberTest" tests="1" failures="0" timestamp="24 Dec 2018 06:52:05 GMT" time="10.950" errors="0">
  <testcase name="memaddTest" time="10.950" classname="com.training.regression.tests.AddMemberTest"/>
</testsuite> <!-- com.training.regression.tests.AddMemberTest -->
