<?xml version="1.0" encoding="UTF-8"?>
<!-- Generated by org.testng.reporters.JUnitReportReporter -->
<testsuite skipped="0" hostname="DESKTOP-B5IK5QJ" name="com.training.regression.tests.RegisterTest" tests="1" failures="0" timestamp="24 Dec 2018 06:48:11 GMT" time="70.875" errors="0">
  <testcase name="validLoginTest" time="70.875" classname="com.training.regression.tests.RegisterTest"/>
</testsuite> <!-- com.training.regression.tests.RegisterTest -->
