<?xml version="1.0" encoding="UTF-8"?>
<!-- Generated by org.testng.reporters.JUnitReportReporter -->
<testsuite skipped="0" hostname="DESKTOP-B5IK5QJ" name="com.training.regression.tests.CheckMemTest" tests="1" failures="0" timestamp="24 Dec 2018 06:53:59 GMT" time="8.817" errors="0">
  <testcase name="validLoginTest" time="8.817" classname="com.training.regression.tests.CheckMemTest"/>
</testsuite> <!-- com.training.regression.tests.CheckMemTest -->
