<?xml version="1.0" encoding="UTF-8"?>
<!-- Generated by org.testng.reporters.JUnitReportReporter -->
<testsuite skipped="0" hostname="DESKTOP-B5IK5QJ" name="com.training.regression.tests.AdvtViewTest" tests="1" failures="0" timestamp="03 Jan 2019 10:10:19 GMT" time="37.683" errors="0">
  <testcase name="validLoginTest" time="37.683" classname="com.training.regression.tests.AdvtViewTest"/>
</testsuite> <!-- com.training.regression.tests.AdvtViewTest -->
